mode: set
capstone/usecase/category/category.go:12.112,16.2 1 1
capstone/usecase/category/category.go:18.76,21.2 2 1
capstone/usecase/category/category.go:23.100,26.2 2 1
capstone/usecase/category/category.go:28.114,31.2 2 1
capstone/usecase/category/category.go:33.58,36.2 2 1
capstone/usecase/facility/facility.go:12.112,16.2 1 1
capstone/usecase/facility/facility.go:18.76,21.2 2 1
capstone/usecase/facility/facility.go:23.100,26.2 2 1
capstone/usecase/facility/facility.go:28.114,31.2 2 1
capstone/usecase/facility/facility.go:33.58,36.2 2 1
capstone/usecase/user/user.go:16.92,20.2 1 1
capstone/usecase/user/user.go:22.80,27.16 3 1
capstone/usecase/user/user.go:30.2,31.26 2 1
capstone/usecase/user/user.go:27.16,29.3 1 1
capstone/usecase/user/user.go:34.84,37.2 2 1
capstone/usecase/user/user.go:39.50,42.2 2 1
capstone/usecase/user/user.go:44.97,46.16 2 1
capstone/usecase/user/user.go:49.2,49.15 1 1
capstone/usecase/user/user.go:52.2,52.132 1 1
capstone/usecase/user/user.go:55.2,55.28 1 1
capstone/usecase/user/user.go:59.2,59.28 1 1
capstone/usecase/user/user.go:62.2,62.28 1 1
capstone/usecase/user/user.go:65.2,65.25 1 1
capstone/usecase/user/user.go:68.2,68.31 1 1
capstone/usecase/user/user.go:71.2,72.24 2 1
capstone/usecase/user/user.go:46.16,48.3 1 1
capstone/usecase/user/user.go:49.15,51.3 1 0
capstone/usecase/user/user.go:52.132,54.3 1 0
capstone/usecase/user/user.go:55.28,58.3 2 0
capstone/usecase/user/user.go:59.28,61.3 1 1
capstone/usecase/user/user.go:62.28,64.3 1 0
capstone/usecase/user/user.go:65.25,67.3 1 1
capstone/usecase/user/user.go:68.31,70.3 1 0
capstone/usecase/user/user.go:75.81,78.2 2 1
capstone/usecase/user/user.go:80.74,83.2 2 1
capstone/usecase/user/user.go:85.108,87.16 2 1
capstone/usecase/user/user.go:90.2,90.15 1 1
capstone/usecase/user/user.go:93.2,93.37 1 1
capstone/usecase/user/user.go:98.2,98.44 1 0
capstone/usecase/user/user.go:103.2,106.17 4 0
capstone/usecase/user/user.go:87.16,89.3 1 1
capstone/usecase/user/user.go:90.15,92.3 1 0
capstone/usecase/user/user.go:93.37,95.3 1 0
capstone/usecase/user/user.go:95.8,95.44 1 1
capstone/usecase/user/user.go:95.44,97.3 1 1
capstone/usecase/user/user.go:98.44,100.3 1 0
capstone/usecase/user/user.go:100.8,100.51 1 0
capstone/usecase/user/user.go:100.51,102.3 1 0
capstone/usecase/user/user.go:109.79,113.16 3 1
capstone/usecase/user/user.go:116.2,117.31 2 1
capstone/usecase/user/user.go:113.16,115.3 1 1
capstone/usecase/user/user.go:120.81,124.16 3 1
capstone/usecase/user/user.go:127.2,128.32 2 1
capstone/usecase/user/user.go:124.16,126.3 1 1
capstone/usecase/user/user.go:131.94,135.16 3 1
capstone/usecase/user/user.go:138.2,139.38 2 1
capstone/usecase/user/user.go:135.16,137.3 1 1
capstone/usecase/user/user.go:142.75,145.16 3 1
capstone/usecase/user/user.go:148.2,148.15 1 1
capstone/usecase/user/user.go:151.2,151.24 1 1
capstone/usecase/user/user.go:154.2,154.26 1 1
capstone/usecase/user/user.go:157.2,158.17 2 1
capstone/usecase/user/user.go:161.2,161.12 1 1
capstone/usecase/user/user.go:145.16,147.3 1 1
capstone/usecase/user/user.go:148.15,150.3 1 0
capstone/usecase/user/user.go:151.24,153.3 1 0
capstone/usecase/user/user.go:154.26,156.3 1 0
capstone/usecase/user/user.go:158.17,160.3 1 0
capstone/usecase/user/user.go:164.74,167.16 3 1
capstone/usecase/user/user.go:170.2,170.15 1 1
capstone/usecase/user/user.go:173.2,173.26 1 1
capstone/usecase/user/user.go:176.2,177.17 2 1
capstone/usecase/user/user.go:180.2,180.12 1 1
capstone/usecase/user/user.go:167.16,169.3 1 1
capstone/usecase/user/user.go:170.15,172.3 1 0
capstone/usecase/user/user.go:173.26,175.3 1 0
capstone/usecase/user/user.go:177.17,179.3 1 0
capstone/usecase/user/user.go:183.75,185.16 2 1
capstone/usecase/user/user.go:188.2,188.15 1 1
capstone/usecase/user/user.go:191.2,191.59 1 1
capstone/usecase/user/user.go:194.2,194.28 1 1
capstone/usecase/user/user.go:200.2,201.17 2 0
capstone/usecase/user/user.go:204.2,204.12 1 0
capstone/usecase/user/user.go:185.16,187.3 1 1
capstone/usecase/user/user.go:188.15,190.3 1 0
capstone/usecase/user/user.go:191.59,193.3 1 0
capstone/usecase/user/user.go:194.28,197.3 2 0
capstone/usecase/user/user.go:197.8,197.35 1 1
capstone/usecase/user/user.go:197.35,199.3 1 1
capstone/usecase/user/user.go:201.17,203.3 1 0
capstone/usecase/auth/auth.go:11.81,15.2 1 1
capstone/usecase/auth/auth.go:17.78,20.2 2 1
